<?xml version="1.0" encoding="UTF-8"?>
<!-- Generated by org.testng.reporters.JUnitXMLReporter -->
<testsuite ignored="0" hostname="DESKTOP-3JL37I7" failures="1" tests="3" name="Error Validations Test" time="14.958" errors="0" timestamp="2026-04-25T13:06:01 IST">
  <testcase classname="sravanacademy.ErrorValidation" name="loginerrorValidations" time="0.663">
    <skipped/>
  </testcase> <!-- loginerrorValidations -->
  <testcase classname="sravanacademy.ErrorValidation" name="loginerrorValidations" time="1.171">
    <failure type="java.lang.AssertionError" message="expected [Incorrect email or password.] but found [Incorrect email or pssword.]">
      <![CDATA[java.lang.AssertionError: expected [Incorrect email or password.] but found [Incorrect email or pssword.]
at sravanacademy.ErrorValidation.loginerrorValidations(ErrorValidation.java:23)
at java.base/java.util.ArrayList.forEach(ArrayList.java:1596)
at java.base/java.util.concurrent.FutureTask.run(FutureTask.java:317)
at java.base/java.util.concurrent.ThreadPoolExecutor.runWorker(ThreadPoolExecutor.java:1144)
at java.base/java.util.concurrent.ThreadPoolExecutor$Worker.run(ThreadPoolExecutor.java:642)
at java.base/java.lang.Thread.run(Thread.java:1583)
... Removed 21 stack frames]]>
    </failure>
  </testcase> <!-- loginerrorValidations -->
  <testcase classname="sravanacademy.ErrorValidation" name="productCatelogueError" time="2.342"/>
</testsuite> <!-- Error Validations Test -->
