<?xml version="1.0" encoding="UTF-8"?>
<!-- Generated by org.testng.reporters.JUnitXMLReporter -->
<testsuite ignored="1" hostname="DESKTOP-3JL37I7" failures="0" tests="2" name="Purchase Product" time="19.252" errors="0" timestamp="2026-04-25T07:40:56 IST">
  <testcase classname="sravanacademy.SubmitOrderTest" name="submitOrderTest" time="4.342"/>
  <testcase classname="sravanacademy.SubmitOrderTest" name="submitOrderTest" time="3.774"/>
  <testcase classname="sravanacademy.SubmitOrderTest" name="OrderpageTes" time="0.0">
    <ignored/>
  </testcase> <!-- OrderpageTes -->
</testsuite> <!-- Purchase Product -->
