<?xml version="1.0" encoding="UTF-8"?>
<!-- Generated by org.testng.reporters.JUnitXMLReporter -->
<testsuite ignored="0" hostname="DESKTOP-3JL37I7" failures="0" tests="3" name="Submit Order Test" time="19.902" errors="0" timestamp="2026-04-25T13:06:05 IST">
  <testcase classname="sravanacademy.SubmitOrderTest" name="submitOrderTest" time="4.921"/>
  <testcase classname="sravanacademy.SubmitOrderTest" name="submitOrderTest" time="4.008"/>
  <testcase classname="sravanacademy.SubmitOrderTest" name="OrderpageTes" time="0.93"/>
</testsuite> <!-- Submit Order Test -->
