<?xml version="1.0" encoding="UTF-8"?>
<!-- Generated by org.testng.reporters.JUnitXMLReporter -->
<testsuite ignored="0" hostname="DESKTOP-3JL37I7" failures="1" tests="3" name="Error Validations Test" time="24.168" errors="0" timestamp="2026-05-02T20:13:27 IST">
  <testcase classname="sravanacademy.ErrorValidation" name="loginerrorValidations" time="1.169">
    <skipped/>
  </testcase> <!-- loginerrorValidations -->
  <testcase classname="sravanacademy.ErrorValidation" name="loginerrorValidations" time="3.688">
    <failure type="java.lang.AssertionError" message="expected [Incorrect email or password.] but found [Incorrect email or pssword.]">
      <![CDATA[java.lang.AssertionError: expected [Incorrect email or password.] but found [Incorrect email or pssword.]
at sravanacademy.ErrorValidation.loginerrorValidations(ErrorValidation.java:23)
at java.base/java.util.ArrayList.forEach(ArrayList.java:1604)
at java.base/java.util.concurrent.FutureTask.run(FutureTask.java:328)
at java.base/java.util.concurrent.ThreadPoolExecutor.runWorker(ThreadPoolExecutor.java:1090)
at java.base/java.util.concurrent.ThreadPoolExecutor$Worker.run(ThreadPoolExecutor.java:614)
at java.base/java.lang.Thread.run(Thread.java:1474)
... Removed 21 stack frames]]>
    </failure>
  </testcase> <!-- loginerrorValidations -->
  <testcase classname="sravanacademy.ErrorValidation" name="productCatelogueError" time="2.275"/>
</testsuite> <!-- Error Validations Test -->
