<?xml version="1.0" encoding="UTF-8"?>
<!-- Generated by org.testng.reporters.JUnitXMLReporter -->
<testsuite ignored="0" hostname="DESKTOP-3JL37I7" failures="0" tests="3" name="Submit Order Test" time="26.812" errors="0" timestamp="2026-05-02T20:13:29 IST">
  <testcase classname="sravanacademy.SubmitOrderTest" name="submitOrderTest" time="6.082"/>
  <testcase classname="sravanacademy.SubmitOrderTest" name="submitOrderTest" time="6.394"/>
  <testcase classname="sravanacademy.SubmitOrderTest" name="OrderpageTes" time="0.914"/>
</testsuite> <!-- Submit Order Test -->
