<?xml version="1.0" encoding="UTF-8"?>
<testsuite xmlns:xsi="http://www.w3.org/2001/XMLSchema-instance" xsi:noNamespaceSchemaLocation="https://maven.apache.org/surefire/maven-surefire-plugin/xsd/surefire-test-report.xsd" version="3.0.2" name="TestSuite" time="27.911" tests="5" errors="0" skipped="0" failures="1" flakes="0">
  <properties>
[...]
</properties>
  <testcase name="loginerrorValidations" classname="sravanacademy.ErrorValidation" time="0.0">
    <skipped message="expected [Incorrect email or password.] but found [Incorrect email or pssword.]"/>
    <system-out><![CDATA[Incorrect email or password.
Test Skipped: loginerrorValidations
]]></system-out>
    <system-err><![CDATA[SLF4J(W): No SLF4J providers were found.
SLF4J(W): Defaulting to no-operation (NOP) logger implementation
SLF4J(W): See https://www.slf4j.org/codes.html#noProviders for further details.
May 02, 2026 8:13:06 PM org.openqa.selenium.devtools.CdpVersionFinder findNearestMatch
WARNING: Unable to find an exact match for CDP version 147, returning the closest version; found: 146; Please update to a Selenium version that supports CDP version 147
May 02, 2026 8:13:06 PM org.openqa.selenium.devtools.CdpVersionFinder findNearestMatch
WARNING: Unable to find an exact match for CDP version 147, returning the closest version; found: 146; Please update to a Selenium version that supports CDP version 147
]]></system-err>
  </testcase>
  <testcase name="loginerrorValidations" classname="sravanacademy.ErrorValidation" time="4.254">
    <failure message="expected [Incorrect email or password.] but found [Incorrect email or pssword.]" type="java.lang.AssertionError"><![CDATA[java.lang.AssertionError: expected [Incorrect email or password.] but found [Incorrect email or pssword.]
	at org.testng.Assert.fail(Assert.java:111)
	at org.testng.Assert.failNotEquals(Assert.java:1590)
	at org.testng.Assert.assertEqualsImpl(Assert.java:150)
	at org.testng.Assert.assertEquals(Assert.java:132)
	at org.testng.Assert.assertEquals(Assert.java:656)
	at org.testng.Assert.assertEquals(Assert.java:666)
	at sravanacademy.ErrorValidation.loginerrorValidations(ErrorValidation.java:23)
	at java.base/jdk.internal.reflect.DirectMethodHandleAccessor.invoke(DirectMethodHandleAccessor.java:104)
	at java.base/java.lang.reflect.Method.invoke(Method.java:565)
	at org.testng.internal.invokers.MethodInvocationHelper.invokeMethod(MethodInvocationHelper.java:141)
	at org.testng.internal.invokers.TestInvoker.invokeMethod(TestInvoker.java:687)
	at org.testng.internal.invokers.TestInvoker.retryFailed(TestInvoker.java:269)
	at org.testng.internal.invokers.MethodRunner.runInSequence(MethodRunner.java:76)
	at org.testng.internal.invokers.TestInvoker$MethodInvocationAgent.invoke(TestInvoker.java:995)
	at org.testng.internal.invokers.TestInvoker.invokeTestMethods(TestInvoker.java:203)
	at org.testng.internal.invokers.TestMethodWorker.invokeTestMethods(TestMethodWorker.java:154)
	at org.testng.internal.invokers.TestMethodWorker.run(TestMethodWorker.java:134)
	at java.base/java.util.ArrayList.forEach(ArrayList.java:1604)
	at org.testng.TestRunner.privateRun(TestRunner.java:741)
	at org.testng.TestRunner.run(TestRunner.java:616)
	at org.testng.SuiteRunner.runTest(SuiteRunner.java:421)
	at org.testng.SuiteRunner$SuiteWorker.run(SuiteRunner.java:463)
	at org.testng.internal.thread.ThreadUtil.lambda$execute$0(ThreadUtil.java:64)
	at java.base/java.util.concurrent.FutureTask.run(FutureTask.java:328)
	at java.base/java.util.concurrent.ThreadPoolExecutor.runWorker(ThreadPoolExecutor.java:1090)
	at java.base/java.util.concurrent.ThreadPoolExecutor$Worker.run(ThreadPoolExecutor.java:614)
	at java.base/java.lang.Thread.run(Thread.java:1474)
]]></failure>
    <system-out><![CDATA[Incorrect email or password.
Test Failed: loginerrorValidations
Reason: java.lang.AssertionError: expected [Incorrect email or password.] but found [Incorrect email or pssword.]
]]></system-out>
    <system-err><![CDATA[May 02, 2026 8:13:16 PM org.openqa.selenium.devtools.CdpVersionFinder findNearestMatch
WARNING: Unable to find an exact match for CDP version 147, returning the closest version; found: 146; Please update to a Selenium version that supports CDP version 147
]]></system-err>
  </testcase>
  <testcase name="productCatelogueError" classname="sravanacademy.ErrorValidation" time="2.275"/>
  <testcase name="submitOrderTest[{password=Kumar@520, product=ZARA COAT 3, username=sravank@gmail.com}](1)" classname="sravanacademy.SubmitOrderTest" time="1.838">
    <system-err><![CDATA[May 02, 2026 8:13:12 PM org.openqa.selenium.devtools.CdpVersionFinder findNearestMatch
WARNING: Unable to find an exact match for CDP version 147, returning the closest version; found: 146; Please update to a Selenium version that supports CDP version 147
]]></system-err>
  </testcase>
  <testcase name="submitOrderTest[{password=Kumar@520, product=ADIDAS ORIGINAL, username=kumarv@gamail.com}](2)" classname="sravanacademy.SubmitOrderTest" time="1.468">
    <system-err><![CDATA[May 02, 2026 8:13:19 PM org.openqa.selenium.devtools.CdpVersionFinder findNearestMatch
WARNING: Unable to find an exact match for CDP version 147, returning the closest version; found: 146; Please update to a Selenium version that supports CDP version 147
]]></system-err>
  </testcase>
  <testcase name="OrderpageTes" classname="sravanacademy.SubmitOrderTest" time="0.914">
    <system-out><![CDATA[Suite Finished: Error Validations Test
Extent report flushed successfully.
]]></system-out>
    <system-err><![CDATA[May 02, 2026 8:13:25 PM org.openqa.selenium.devtools.CdpVersionFinder findNearestMatch
WARNING: Unable to find an exact match for CDP version 147, returning the closest version; found: 146; Please update to a Selenium version that supports CDP version 147
]]></system-err>
  </testcase>
</testsuite>