<?xml version="1.0" encoding="UTF-8"?>
<!-- Generated by org.testng.reporters.JUnitReportReporter -->
<testsuite hostname="DESKTOP-3JL37I7" failures="0" tests="3" name="sravanacademy.SubmitOrderTest" time="19.421" errors="0" timestamp="2026-05-01T23:29:36 IST" skipped="0">
  <testcase classname="sravanacademy.SubmitOrderTest" name="submitOrderTest" time="8.634"/>
  <testcase classname="sravanacademy.SubmitOrderTest" name="OrderpageTes" time="2.848"/>
  <testcase classname="sravanacademy.SubmitOrderTest" name="submitOrderTest" time="7.939"/>
</testsuite> <!-- sravanacademy.SubmitOrderTest -->
