<?xml version="1.0" encoding="UTF-8"?>
<!-- Generated by org.testng.reporters.JUnitReportReporter -->
<testsuite hostname="DESKTOP-3JL37I7" failures="0" tests="3" name="sravanacademy.SubmitOrderTest" time="26.283" errors="0" timestamp="2026-05-02T20:13:29 IST" skipped="0">
  <testcase classname="sravanacademy.SubmitOrderTest" name="OrderpageTes" time="3.772"/>
  <testcase classname="sravanacademy.SubmitOrderTest" name="submitOrderTest" time="12.511"/>
  <testcase classname="sravanacademy.SubmitOrderTest" name="submitOrderTest" time="10.000"/>
</testsuite> <!-- sravanacademy.SubmitOrderTest -->
